<?xml version="1.0" encoding="UTF-8"?>
<Site BuildName="(empty)"
	BuildStamp="20260611-0558-Experimental"
	Name="8f3997f66a3b"
	Generator="ctest-3.16.3"
	CompilerName="/usr/bin/c++"
	CompilerVersion="9.4.0"
	OSName="Linux"
	Hostname="086786aa42e2"
	OSRelease="7.0.0-22-generic"
	OSVersion="#22-Ubuntu SMP PREEMPT_DYNAMIC Mon May 25 15:54:34 UTC 2026"
	OSPlatform="x86_64"
	Is64Bits="1"
	VendorString="AuthenticAMD"
	VendorID="Advanced Micro Devices"
	FamilyID="25"
	ModelID="97"
	ProcessorCacheSize="1024"
	NumberOfLogicalCPU="16"
	NumberOfPhysicalCPU="8"
	TotalVirtualMemory="8191"
	TotalPhysicalMemory="30714"
	LogicalProcessorsPerPhysical="2"
	ProcessorClockFrequency="5253.64"
	>
	<Testing>
		<StartDateTime>Jun 11 05:58 UTC</StartDateTime>
		<StartTestTime>1781157516</StartTestTime>
		<TestList>
			<Test>./latency_test</Test>
			<Test>./monitor_test</Test>
		</TestList>
		<Test Status="passed">
			<Name>latency_test</Name>
			<Path>.</Path>
			<FullName>./latency_test</FullName>
			<FullCommandLine>/usr/bin/python3 "-u" "/opt/ros/foxy/share/ament_cmake_test/cmake/run_test.py" "/workspace/build/telemetry_bridge/test_results/telemetry_bridge/latency_test.gtest.xml" "--package-name" "telemetry_bridge" "--output-file" "/workspace/build/telemetry_bridge/ament_cmake_gtest/latency_test.txt" "--command" "/workspace/build/telemetry_bridge/latency_test" "--gtest_output=xml:/workspace/build/telemetry_bridge/test_results/telemetry_bridge/latency_test.gtest.xml"</FullCommandLine>
			<Results>
				<NamedMeasurement type="numeric/double" name="Execution Time">
					<Value>0.0410792</Value>
				</NamedMeasurement>
				<NamedMeasurement type="numeric/double" name="Processors">
					<Value>1</Value>
				</NamedMeasurement>
				<NamedMeasurement type="text/string" name="Completion Status">
					<Value>Completed</Value>
				</NamedMeasurement>
				<NamedMeasurement type="text/string" name="Command Line">
					<Value>/usr/bin/python3 "-u" "/opt/ros/foxy/share/ament_cmake_test/cmake/run_test.py" "/workspace/build/telemetry_bridge/test_results/telemetry_bridge/latency_test.gtest.xml" "--package-name" "telemetry_bridge" "--output-file" "/workspace/build/telemetry_bridge/ament_cmake_gtest/latency_test.txt" "--command" "/workspace/build/telemetry_bridge/latency_test" "--gtest_output=xml:/workspace/build/telemetry_bridge/test_results/telemetry_bridge/latency_test.gtest.xml"</Value>
				</NamedMeasurement>
				<Measurement>
					<Value>-- run_test.py: invoking following command in '/workspace/build/telemetry_bridge':
 - /workspace/build/telemetry_bridge/latency_test --gtest_output=xml:/workspace/build/telemetry_bridge/test_results/telemetry_bridge/latency_test.gtest.xml
[==========] Running 2 tests from 1 test case.
[----------] Global test environment set-up.
[----------] 2 tests from LatencyTest
[ RUN      ] LatencyTest.MathVerification
[       OK ] LatencyTest.MathVerification (1 ms)
[ RUN      ] LatencyTest.ConcurrencyBurst
[       OK ] LatencyTest.ConcurrencyBurst (2 ms)
[----------] 2 tests from LatencyTest (3 ms total)

[----------] Global test environment tear-down
[==========] 2 tests from 1 test case ran. (3 ms total)
[  PASSED  ] 2 tests.
-- run_test.py: return code 0
-- run_test.py: inject classname prefix into gtest result file '/workspace/build/telemetry_bridge/test_results/telemetry_bridge/latency_test.gtest.xml'
-- run_test.py: verify result file '/workspace/build/telemetry_bridge/test_results/telemetry_bridge/latency_test.gtest.xml'
</Value>
				</Measurement>
			</Results>
			<Labels>
				<Label>gtest</Label>
			</Labels>
		</Test>
		<Test Status="failed">
			<Name>monitor_test</Name>
			<Path>.</Path>
			<FullName>./monitor_test</FullName>
			<FullCommandLine>/usr/bin/python3 "-u" "/opt/ros/foxy/share/ament_cmake_test/cmake/run_test.py" "/workspace/build/telemetry_bridge/test_results/telemetry_bridge/monitor_test.gtest.xml" "--package-name" "telemetry_bridge" "--output-file" "/workspace/build/telemetry_bridge/ament_cmake_gtest/monitor_test.txt" "--command" "/workspace/build/telemetry_bridge/monitor_test" "--gtest_output=xml:/workspace/build/telemetry_bridge/test_results/telemetry_bridge/monitor_test.gtest.xml"</FullCommandLine>
			<Results>
				<NamedMeasurement type="text/string" name="Exit Code">
					<Value>Failed</Value>
				</NamedMeasurement>
				<NamedMeasurement type="text/string" name="Exit Value">
					<Value>1</Value>
				</NamedMeasurement>
				<NamedMeasurement type="numeric/double" name="Execution Time">
					<Value>0.0441523</Value>
				</NamedMeasurement>
				<NamedMeasurement type="numeric/double" name="Processors">
					<Value>1</Value>
				</NamedMeasurement>
				<NamedMeasurement type="text/string" name="Completion Status">
					<Value>Completed</Value>
				</NamedMeasurement>
				<NamedMeasurement type="text/string" name="Command Line">
					<Value>/usr/bin/python3 "-u" "/opt/ros/foxy/share/ament_cmake_test/cmake/run_test.py" "/workspace/build/telemetry_bridge/test_results/telemetry_bridge/monitor_test.gtest.xml" "--package-name" "telemetry_bridge" "--output-file" "/workspace/build/telemetry_bridge/ament_cmake_gtest/monitor_test.txt" "--command" "/workspace/build/telemetry_bridge/monitor_test" "--gtest_output=xml:/workspace/build/telemetry_bridge/test_results/telemetry_bridge/monitor_test.gtest.xml"</Value>
				</NamedMeasurement>
				<Measurement>
					<Value>-- run_test.py: invoking following command in '/workspace/build/telemetry_bridge':
 - /workspace/build/telemetry_bridge/monitor_test --gtest_output=xml:/workspace/build/telemetry_bridge/test_results/telemetry_bridge/monitor_test.gtest.xml
Running main() from /opt/ros/foxy/src/gtest_vendor/src/gtest_main.cc
[==========] Running 1 test from 1 test case.
[----------] Global test environment set-up.
[----------] 1 test from StateMonitorTest
[ RUN      ] StateMonitorTest.DetectsGapsAndStalePackets
unknown file: Failure
C++ exception with description "failed to create interrupt guard condition: context argument is null, at /tmp/binarydeb/ros-foxy-rcl-1.1.14/src/rcl/guard_condition.c:65" thrown in the test body.
[  FAILED  ] StateMonitorTest.DetectsGapsAndStalePackets (3 ms)
[----------] 1 test from StateMonitorTest (3 ms total)

[----------] Global test environment tear-down
[==========] 1 test from 1 test case ran. (3 ms total)
[  PASSED  ] 0 tests.
[  FAILED  ] 1 test, listed below:
[  FAILED  ] StateMonitorTest.DetectsGapsAndStalePackets

 1 FAILED TEST
-- run_test.py: return code 1
-- run_test.py: inject classname prefix into gtest result file '/workspace/build/telemetry_bridge/test_results/telemetry_bridge/monitor_test.gtest.xml'
-- run_test.py: verify result file '/workspace/build/telemetry_bridge/test_results/telemetry_bridge/monitor_test.gtest.xml'
</Value>
				</Measurement>
			</Results>
			<Labels>
				<Label>gtest</Label>
			</Labels>
		</Test>
		<EndDateTime>Jun 11 05:58 UTC</EndDateTime>
		<EndTestTime>1781157516</EndTestTime>
		<ElapsedMinutes>0</ElapsedMinutes>
	</Testing>
</Site>
